<?xml version="1.0" encoding="UTF-8"?>
<!-- Generated by org.testng.reporters.JUnitReportReporter -->
<testsuite hostname="DESKTOP-90KBJMH" failures="0" tests="1" name="Practice.AddLowestProductToCart" time="5.140" errors="0" timestamp="2025-04-15T07:47:45 IST" skipped="0">
  <testcase classname="Practice.AddLowestProductToCart" name="tc_001_AddProducttocart" time="5.140"/>
</testsuite> <!-- Practice.AddLowestProductToCart -->
