<?xml version="1.0" encoding="UTF-8"?>
<!-- Generated by org.testng.reporters.JUnitReportReporter -->
<testsuite hostname="DESKTOP-90KBJMH" failures="0" tests="1" name="Practice.TestNGPractice" time="0.005" errors="0" timestamp="2025-04-07T08:09:50 IST" skipped="0">
  <testcase classname="Practice.TestNGPractice" name="practice" time="0.005"/>
</testsuite> <!-- Practice.TestNGPractice -->
