<?xml version="1.0" encoding="UTF-8"?>
<!-- Generated by org.testng.reporters.JUnitReportReporter -->
<testsuite hostname="DESKTOP-90KBJMH" failures="0" tests="1" name="Practice.Addproduct" time="3.414" errors="0" timestamp="2025-04-08T08:37:12 IST" skipped="0">
  <testcase classname="Practice.Addproduct" name="tc_001_AddProducttocart" time="3.414"/>
</testsuite> <!-- Practice.Addproduct -->
